<?xml version="1.0" encoding="utf-8"?><testsuites name="pytest tests"><testsuite name="pytest" errors="0" failures="0" skipped="0" tests="16" time="1.915" timestamp="2026-05-15T10:10:45.491636+00:00" hostname="agent-env-89f036e1-3af6-45c8-9159-a752a2a2f932"><testcase classname="backend.tests.test_einvoicepro.TestHealth" name="test_health" time="0.170" /><testcase classname="backend.tests.test_einvoicepro.TestAuth" name="test_login_existing_demo" time="0.268" /><testcase classname="backend.tests.test_einvoicepro.TestAuth" name="test_login_invalid" time="0.044" /><testcase classname="backend.tests.test_einvoicepro.TestAuth" name="test_me" time="0.310" /><testcase classname="backend.tests.test_einvoicepro.TestStaticData" name="test_countries" time="0.043" /><testcase classname="backend.tests.test_einvoicepro.TestStaticData" name="test_currencies" time="0.058" /><testcase classname="backend.tests.test_einvoicepro.TestStaticData" name="test_create_currency" time="0.045" /><testcase classname="backend.tests.test_einvoicepro.TestInvoices" name="test_get_invoice" time="0.104" /><testcase classname="backend.tests.test_einvoicepro.TestInvoices" name="test_list_invoices" time="0.086" /><testcase classname="backend.tests.test_einvoicepro.TestInvoices" name="test_sign" time="0.129" /><testcase classname="backend.tests.test_einvoicepro.TestInvoices" name="test_send" time="0.088" /><testcase classname="backend.tests.test_einvoicepro.TestInvoices" name="test_validate" time="0.090" /><testcase classname="backend.tests.test_einvoicepro.TestInvoices" name="test_export_ubl" time="0.098" /><testcase classname="backend.tests.test_einvoicepro.TestApiKeys" name="test_create_and_revoke" time="0.146" /><testcase classname="backend.tests.test_einvoicepro.TestBilling" name="test_usage" time="0.046" /><testcase classname="backend.tests.test_einvoicepro.TestIntegrations" name="test_supported_systems" time="0.043" /></testsuite></testsuites>